<?xml version="1.0" encoding="UTF-8"?>
<!-- Generated by org.testng.reporters.JUnitReportReporter -->
<testsuite hostname="DESKTOP-4U23M04" name="com.tech.appa.DemoTest" tests="4" failures="0" timestamp="22 Jul 2019 05:49:25 GMT" time="0.086" errors="0">
  <testcase name="sum" time="0.004" classname="com.tech.appa.DemoTest"/>
  <testcase name="div" time="0.069" classname="com.tech.appa.DemoTest"/>
  <testcase name="multi" time="0.006" classname="com.tech.appa.DemoTest"/>
  <testcase name="sub" time="0.007" classname="com.tech.appa.DemoTest"/>
</testsuite> <!-- com.tech.appa.DemoTest -->
