<?xml version="1.0" encoding="UTF-8"?>
<!-- Generated by org.testng.reporters.JUnitReportReporter -->
<testsuite hostname="DESKTOP-4U23M04" name="com.tech.appa.DemoTest" tests="4" failures="0" timestamp="22 Jul 2019 07:54:15 GMT" time="0.024" errors="0">
  <testcase name="sub" time="0.001" classname="com.tech.appa.DemoTest"/>
  <testcase name="div" time="0.020" classname="com.tech.appa.DemoTest"/>
  <testcase name="multi" time="0.002" classname="com.tech.appa.DemoTest"/>
  <testcase name="sum" time="0.001" classname="com.tech.appa.DemoTest"/>
</testsuite> <!-- com.tech.appa.DemoTest -->
