<?xml version="1.0" encoding="UTF-8"?>
<!-- Generated by org.testng.reporters.JUnitReportReporter -->
<testsuite hostname="DESKTOP-4U23M04" name="com.tech.appa.DemoTest2" tests="4" failures="0" timestamp="22 Jul 2019 07:54:15 GMT" time="0.000" errors="0">
  <testcase name="sub" time="0.000" classname="com.tech.appa.DemoTest2"/>
  <testcase name="div" time="0.000" classname="com.tech.appa.DemoTest2"/>
  <testcase name="sum" time="0.000" classname="com.tech.appa.DemoTest2"/>
  <testcase name="multi" time="0.000" classname="com.tech.appa.DemoTest2"/>
</testsuite> <!-- com.tech.appa.DemoTest2 -->
